<?xml version="1.0" encoding="UTF-8"?>
<!-- Generated by org.testng.reporters.JUnitReportReporter -->
<testsuite hostname="LAPTOP-2TLK4OJJ" failures="0" tests="3" name="QAClickTestCases.QAClickLoginDDTTest" time="41.388" errors="0" timestamp="2022-11-01T14:59:01 IST" skipped="0">
  <testcase classname="QAClickTestCases.QAClickLoginDDTTest" name="DDTLoginTest" time="20.264"/>
  <system-out/>
  <testcase classname="QAClickTestCases.QAClickLoginDDTTest" name="DDTLoginTest" time="10.605"/>
  <system-out/>
  <testcase classname="QAClickTestCases.QAClickLoginDDTTest" name="DDTLoginTest" time="10.519"/>
  <system-out/>
</testsuite> <!-- QAClickTestCases.QAClickLoginDDTTest -->
