<?xml version="1.0" encoding="UTF-8"?>
<!-- Generated by org.testng.reporters.JUnitReportReporter -->
<testsuite hostname="LAPTOP-2TLK4OJJ" failures="0" tests="1" name="testCases.OrangeHRMLoginLogoutTest" time="4.353" errors="0" timestamp="2022-10-29T09:08:39 IST" skipped="0">
  <testcase classname="testCases.OrangeHRMLoginLogoutTest" name="loginLogoutTest" time="4.353"/>
  <system-out/>
</testsuite> <!-- testCases.OrangeHRMLoginLogoutTest -->
