<?xml version="1.0" encoding="UTF-8"?>
<!-- Generated by org.testng.reporters.JUnitReportReporter -->
<testsuite hostname="LAPTOP-2TLK4OJJ" failures="0" tests="3" name="runner.TestRunner" time="40.965" errors="0" timestamp="2022-11-03T20:37:52 IST" skipped="0">
  <testcase classname="runner.TestRunner" name="runScenario" time="12.721"/>
  <system-out/>
  <testcase classname="runner.TestRunner" name="runScenario" time="15.285"/>
  <system-out/>
  <testcase classname="runner.TestRunner" name="runScenario" time="12.959"/>
  <system-out/>
</testsuite> <!-- runner.TestRunner -->
