<?xml version="1.0" encoding="UTF-8"?>
<!-- Generated by org.testng.reporters.JUnitReportReporter -->
<testsuite hostname="LAPTOP-2TLK4OJJ" failures="0" tests="1" name="testCases.OrangeHRMForgotPasswordTest" time="3.358" errors="0" timestamp="2022-10-28T21:13:03 IST" skipped="0">
  <testcase classname="testCases.OrangeHRMForgotPasswordTest" name="ResetPasswordTest" time="3.358"/>
  <system-out/>
</testsuite> <!-- testCases.OrangeHRMForgotPasswordTest -->
